<?xml version="1.0" encoding="UTF-8"?>
<coverage generated="1758743334704" clover="3.2.0">
  <project timestamp="1758743334704" name="All files">
    <metrics statements="47" coveredstatements="43" conditionals="8" coveredconditionals="2" methods="7" coveredmethods="7" elements="62" coveredelements="52" complexity="0" loc="47" ncloc="47" packages="4" files="7" classes="7"/>
    <package name="src">
      <metrics statements="17" coveredstatements="17" conditionals="0" coveredconditionals="0" methods="3" coveredmethods="3"/>
      <file name="app.js" path="/Users/abhinavbhardwaj/Desktop/Semester 5/CCP555/CCP555-2025F-NSD-Abhinav-abhinav1/Labs/Lab3/src/app.js">
        <metrics statements="13" coveredstatements="13" conditionals="0" coveredconditionals="0" methods="1" coveredmethods="1"/>
        <line num="1" count="3" type="stmt"/>
        <line num="2" count="3" type="stmt"/>
        <line num="3" count="3" type="stmt"/>
        <line num="4" count="3" type="stmt"/>
        <line num="6" count="3" type="stmt"/>
        <line num="8" count="3" type="stmt"/>
        <line num="9" count="3" type="stmt"/>
        <line num="11" count="3" type="stmt"/>
        <line num="12" count="3" type="stmt"/>
        <line num="14" count="3" type="stmt"/>
        <line num="17" count="3" type="stmt"/>
        <line num="18" count="1" type="stmt"/>
        <line num="21" count="3" type="stmt"/>
      </file>
      <file name="response.js" path="/Users/abhinavbhardwaj/Desktop/Semester 5/CCP555/CCP555-2025F-NSD-Abhinav-abhinav1/Labs/Lab3/src/response.js">
        <metrics statements="4" coveredstatements="4" conditionals="0" coveredconditionals="0" methods="2" coveredmethods="2"/>
        <line num="9" count="4" type="stmt"/>
        <line num="10" count="7" type="stmt"/>
        <line num="29" count="4" type="stmt"/>
        <line num="30" count="2" type="stmt"/>
      </file>
    </package>
    <package name="src.auth">
      <metrics statements="13" coveredstatements="9" conditionals="8" coveredconditionals="2" methods="2" coveredmethods="2"/>
      <file name="basic-auth.js" path="/Users/abhinavbhardwaj/Desktop/Semester 5/CCP555/CCP555-2025F-NSD-Abhinav-abhinav1/Labs/Lab3/src/auth/basic-auth.js">
        <metrics statements="8" coveredstatements="7" conditionals="2" coveredconditionals="1" methods="2" coveredmethods="2"/>
        <line num="1" count="3" type="stmt"/>
        <line num="2" count="3" type="stmt"/>
        <line num="3" count="3" type="stmt"/>
        <line num="5" count="3" type="cond" truecount="1" falsecount="1"/>
        <line num="6" count="0" type="stmt"/>
        <line num="9" count="3" type="stmt"/>
        <line num="10" count="3" type="stmt"/>
        <line num="17" count="3" type="stmt"/>
      </file>
      <file name="index.js" path="/Users/abhinavbhardwaj/Desktop/Semester 5/CCP555/CCP555-2025F-NSD-Abhinav-abhinav1/Labs/Lab3/src/auth/index.js">
        <metrics statements="5" coveredstatements="2" conditionals="6" coveredconditionals="1" methods="0" coveredmethods="0"/>
        <line num="1" count="3" type="cond" truecount="1" falsecount="1"/>
        <line num="2" count="3" type="stmt"/>
        <line num="3" count="0" type="cond" truecount="0" falsecount="4"/>
        <line num="4" count="0" type="stmt"/>
        <line num="6" count="0" type="stmt"/>
      </file>
    </package>
    <package name="src.routes">
      <metrics statements="10" coveredstatements="10" conditionals="0" coveredconditionals="0" methods="1" coveredmethods="1"/>
      <file name="index.js" path="/Users/abhinavbhardwaj/Desktop/Semester 5/CCP555/CCP555-2025F-NSD-Abhinav-abhinav1/Labs/Lab3/src/routes/index.js">
        <metrics statements="10" coveredstatements="10" conditionals="0" coveredconditionals="0" methods="1" coveredmethods="1"/>
        <line num="1" count="3" type="stmt"/>
        <line num="2" count="3" type="stmt"/>
        <line num="3" count="3" type="stmt"/>
        <line num="4" count="3" type="stmt"/>
        <line num="5" count="3" type="stmt"/>
        <line num="7" count="3" type="stmt"/>
        <line num="8" count="4" type="stmt"/>
        <line num="9" count="4" type="stmt"/>
        <line num="16" count="3" type="stmt"/>
        <line num="18" count="3" type="stmt"/>
      </file>
    </package>
    <package name="src.routes.api">
      <metrics statements="7" coveredstatements="7" conditionals="0" coveredconditionals="0" methods="1" coveredmethods="1"/>
      <file name="get.js" path="/Users/abhinavbhardwaj/Desktop/Semester 5/CCP555/CCP555-2025F-NSD-Abhinav-abhinav1/Labs/Lab3/src/routes/api/get.js">
        <metrics statements="3" coveredstatements="3" conditionals="0" coveredconditionals="0" methods="1" coveredmethods="1"/>
        <line num="1" count="3" type="stmt"/>
        <line num="3" count="3" type="stmt"/>
        <line num="4" count="1" type="stmt"/>
      </file>
      <file name="index.js" path="/Users/abhinavbhardwaj/Desktop/Semester 5/CCP555/CCP555-2025F-NSD-Abhinav-abhinav1/Labs/Lab3/src/routes/api/index.js">
        <metrics statements="4" coveredstatements="4" conditionals="0" coveredconditionals="0" methods="0" coveredmethods="0"/>
        <line num="1" count="3" type="stmt"/>
        <line num="2" count="3" type="stmt"/>
        <line num="4" count="3" type="stmt"/>
        <line num="6" count="3" type="stmt"/>
      </file>
    </package>
  </project>
</coverage>
