<?xml version="1.0" encoding="UTF-8"?>
<coverage generated="1758742388723" clover="3.2.0">
  <project timestamp="1758742388723" name="All files">
    <metrics statements="4" coveredstatements="4" conditionals="0" coveredconditionals="0" methods="2" coveredmethods="2" elements="6" coveredelements="6" complexity="0" loc="4" ncloc="4" packages="1" files="1" classes="1"/>
    <file name="response.js" path="/Users/abhinavbhardwaj/Desktop/Semester 5/CCP555/CCP555-2025F-NSD-Abhinav-abhinav1/Labs/Lab3/src/response.js">
      <metrics statements="4" coveredstatements="4" conditionals="0" coveredconditionals="0" methods="2" coveredmethods="2"/>
      <line num="9" count="1" type="stmt"/>
      <line num="10" count="2" type="stmt"/>
      <line num="29" count="1" type="stmt"/>
      <line num="30" count="1" type="stmt"/>
    </file>
  </project>
</coverage>
