{"/Users/abhinavbhardwaj/Desktop/Semester 5/CCP555/CCP555-2025F-NSD-Abhinav-abhinav1/Labs/Lab3/src/response.js": {"path":"/Users/abhinavbhardwaj/Desktop/Semester 5/CCP555/CCP555-2025F-NSD-Abhinav-abhinav1/Labs/Lab3/src/response.js","statementMap":{"0":{"start":{"line":9,"column":0},"end":{"line":16,"column":2}},"1":{"start":{"line":10,"column":2},"end":{"line":15,"column":4}},"2":{"start":{"line":29,"column":0},"end":{"line":37,"column":2}},"3":{"start":{"line":30,"column":2},"end":{"line":36,"column":4}}},"fnMap":{"0":{"name":"(anonymous_0)","decl":{"start":{"line":9,"column":39},"end":{"line":9,"column":40}},"loc":{"start":{"line":9,"column":55},"end":{"line":16,"column":1}},"line":9},"1":{"name":"(anonymous_1)","decl":{"start":{"line":29,"column":37},"end":{"line":29,"column":38}},"loc":{"start":{"line":29,"column":62},"end":{"line":37,"column":1}},"line":29}},"branchMap":{},"s":{"0":1,"1":2,"2":1,"3":1},"f":{"0":2,"1":1},"b":{},"_coverageSchema":"1a1c01bbd47fc00a2c39e90264f33305004495a9","hash":"ae91481480b72123d58b71518b838c37251b5135"}
}
