{"/Users/abhinavbhardwaj/Desktop/Semester 5/CCP555/CCP555-2025F-NSD-Abhinav-abhinav1/Labs/Lab3/src/app.js": {"path":"/Users/abhinavbhardwaj/Desktop/Semester 5/CCP555/CCP555-2025F-NSD-Abhinav-abhinav1/Labs/Lab3/src/app.js","statementMap":{"0":{"start":{"line":1,"column":16},"end":{"line":1,"column":34}},"1":{"start":{"line":2,"column":13},"end":{"line":2,"column":28}},"2":{"start":{"line":3,"column":20},"end":{"line":3,"column":42}},"3":{"start":{"line":4,"column":17},"end":{"line":4,"column":36}},"4":{"start":{"line":6,"column":12},"end":{"line":6,"column":21}},"5":{"start":{"line":8,"column":0},"end":{"line":8,"column":43}},"6":{"start":{"line":9,"column":0},"end":{"line":9,"column":31}},"7":{"start":{"line":11,"column":0},"end":{"line":11,"column":16}},"8":{"start":{"line":12,"column":0},"end":{"line":12,"column":23}},"9":{"start":{"line":14,"column":0},"end":{"line":14,"column":34}},"10":{"start":{"line":17,"column":0},"end":{"line":19,"column":3}},"11":{"start":{"line":18,"column":2},"end":{"line":18,"column":84}},"12":{"start":{"line":21,"column":0},"end":{"line":21,"column":21}}},"fnMap":{"0":{"name":"(anonymous_0)","decl":{"start":{"line":17,"column":8},"end":{"line":17,"column":9}},"loc":{"start":{"line":17,"column":22},"end":{"line":19,"column":1}},"line":17}},"branchMap":{},"s":{"0":3,"1":3,"2":3,"3":3,"4":3,"5":3,"6":3,"7":3,"8":3,"9":3,"10":3,"11":1,"12":3},"f":{"0":1},"b":{},"_coverageSchema":"1a1c01bbd47fc00a2c39e90264f33305004495a9","hash":"58d82d8ec7b8571b77f6dc18d298f5661e14def0"}
,"/Users/abhinavbhardwaj/Desktop/Semester 5/CCP555/CCP555-2025F-NSD-Abhinav-abhinav1/Labs/Lab3/src/response.js": {"path":"/Users/abhinavbhardwaj/Desktop/Semester 5/CCP555/CCP555-2025F-NSD-Abhinav-abhinav1/Labs/Lab3/src/response.js","statementMap":{"0":{"start":{"line":9,"column":0},"end":{"line":16,"column":2}},"1":{"start":{"line":10,"column":2},"end":{"line":15,"column":4}},"2":{"start":{"line":29,"column":0},"end":{"line":37,"column":2}},"3":{"start":{"line":30,"column":2},"end":{"line":36,"column":4}}},"fnMap":{"0":{"name":"(anonymous_0)","decl":{"start":{"line":9,"column":39},"end":{"line":9,"column":40}},"loc":{"start":{"line":9,"column":55},"end":{"line":16,"column":1}},"line":9},"1":{"name":"(anonymous_1)","decl":{"start":{"line":29,"column":37},"end":{"line":29,"column":38}},"loc":{"start":{"line":29,"column":62},"end":{"line":37,"column":1}},"line":29}},"branchMap":{},"s":{"0":4,"1":7,"2":4,"3":2},"f":{"0":7,"1":2},"b":{},"_coverageSchema":"1a1c01bbd47fc00a2c39e90264f33305004495a9","hash":"ae91481480b72123d58b71518b838c37251b5135"}
,"/Users/abhinavbhardwaj/Desktop/Semester 5/CCP555/CCP555-2025F-NSD-Abhinav-abhinav1/Labs/Lab3/src/auth/basic-auth.js": {"path":"/Users/abhinavbhardwaj/Desktop/Semester 5/CCP555/CCP555-2025F-NSD-Abhinav-abhinav1/Labs/Lab3/src/auth/basic-auth.js","statementMap":{"0":{"start":{"line":1,"column":13},"end":{"line":1,"column":33}},"1":{"start":{"line":2,"column":21},"end":{"line":2,"column":50}},"2":{"start":{"line":3,"column":17},"end":{"line":3,"column":36}},"3":{"start":{"line":5,"column":0},"end":{"line":7,"column":1}},"4":{"start":{"line":6,"column":2},"end":{"line":6,"column":61}},"5":{"start":{"line":9,"column":0},"end":{"line":15,"column":2}},"6":{"start":{"line":10,"column":2},"end":{"line":14,"column":4}},"7":{"start":{"line":17,"column":0},"end":{"line":17,"column":86}},"8":{"start":{"line":17,"column":36},"end":{"line":17,"column":85}}},"fnMap":{"0":{"name":"(anonymous_0)","decl":{"start":{"line":9,"column":26},"end":{"line":9,"column":27}},"loc":{"start":{"line":9,"column":32},"end":{"line":15,"column":1}},"line":9},"1":{"name":"(anonymous_1)","decl":{"start":{"line":17,"column":30},"end":{"line":17,"column":31}},"loc":{"start":{"line":17,"column":36},"end":{"line":17,"column":85}},"line":17}},"branchMap":{"0":{"loc":{"start":{"line":5,"column":0},"end":{"line":7,"column":1}},"type":"if","locations":[{"start":{"line":5,"column":0},"end":{"line":7,"column":1}},{"start":{},"end":{}}],"line":5}},"s":{"0":3,"1":3,"2":3,"3":3,"4":0,"5":3,"6":3,"7":3,"8":3},"f":{"0":3,"1":3},"b":{"0":[0,3]},"_coverageSchema":"1a1c01bbd47fc00a2c39e90264f33305004495a9","hash":"8e7928274a9656d645587b1b6f825ab23040169e"}
,"/Users/abhinavbhardwaj/Desktop/Semester 5/CCP555/CCP555-2025F-NSD-Abhinav-abhinav1/Labs/Lab3/src/auth/index.js": {"path":"/Users/abhinavbhardwaj/Desktop/Semester 5/CCP555/CCP555-2025F-NSD-Abhinav-abhinav1/Labs/Lab3/src/auth/index.js","statementMap":{"0":{"start":{"line":1,"column":0},"end":{"line":7,"column":1}},"1":{"start":{"line":2,"column":2},"end":{"line":2,"column":43}},"2":{"start":{"line":3,"column":7},"end":{"line":7,"column":1}},"3":{"start":{"line":4,"column":2},"end":{"line":4,"column":40}},"4":{"start":{"line":6,"column":2},"end":{"line":6,"column":85}}},"fnMap":{},"branchMap":{"0":{"loc":{"start":{"line":1,"column":0},"end":{"line":7,"column":1}},"type":"if","locations":[{"start":{"line":1,"column":0},"end":{"line":7,"column":1}},{"start":{"line":3,"column":7},"end":{"line":7,"column":1}}],"line":1},"1":{"loc":{"start":{"line":3,"column":7},"end":{"line":7,"column":1}},"type":"if","locations":[{"start":{"line":3,"column":7},"end":{"line":7,"column":1}},{"start":{"line":5,"column":7},"end":{"line":7,"column":1}}],"line":3},"2":{"loc":{"start":{"line":3,"column":11},"end":{"line":3,"column":79}},"type":"binary-expr","locations":[{"start":{"line":3,"column":11},"end":{"line":3,"column":42}},{"start":{"line":3,"column":46},"end":{"line":3,"column":79}}],"line":3}},"s":{"0":3,"1":3,"2":0,"3":0,"4":0},"f":{},"b":{"0":[3,0],"1":[0,0],"2":[0,0]},"_coverageSchema":"1a1c01bbd47fc00a2c39e90264f33305004495a9","hash":"196688e38604970b5ee9f0f163a1a5092375f8b8"}
,"/Users/abhinavbhardwaj/Desktop/Semester 5/CCP555/CCP555-2025F-NSD-Abhinav-abhinav1/Labs/Lab3/src/routes/index.js": {"path":"/Users/abhinavbhardwaj/Desktop/Semester 5/CCP555/CCP555-2025F-NSD-Abhinav-abhinav1/Labs/Lab3/src/routes/index.js","statementMap":{"0":{"start":{"line":1,"column":16},"end":{"line":1,"column":34}},"1":{"start":{"line":2,"column":28},"end":{"line":2,"column":57}},"2":{"start":{"line":3,"column":25},"end":{"line":3,"column":43}},"3":{"start":{"line":4,"column":34},"end":{"line":4,"column":56}},"4":{"start":{"line":5,"column":15},"end":{"line":5,"column":31}},"5":{"start":{"line":7,"column":0},"end":{"line":14,"column":3}},"6":{"start":{"line":8,"column":2},"end":{"line":8,"column":45}},"7":{"start":{"line":9,"column":2},"end":{"line":13,"column":6}},"8":{"start":{"line":16,"column":0},"end":{"line":16,"column":52}},"9":{"start":{"line":18,"column":0},"end":{"line":18,"column":24}}},"fnMap":{"0":{"name":"(anonymous_0)","decl":{"start":{"line":7,"column":16},"end":{"line":7,"column":17}},"loc":{"start":{"line":7,"column":30},"end":{"line":14,"column":1}},"line":7}},"branchMap":{},"s":{"0":3,"1":3,"2":3,"3":3,"4":3,"5":3,"6":4,"7":4,"8":3,"9":3},"f":{"0":4},"b":{},"_coverageSchema":"1a1c01bbd47fc00a2c39e90264f33305004495a9","hash":"f38a40350b93fee7f757a70d804f98ad80d3d695"}
,"/Users/abhinavbhardwaj/Desktop/Semester 5/CCP555/CCP555-2025F-NSD-Abhinav-abhinav1/Labs/Lab3/src/routes/api/get.js": {"path":"/Users/abhinavbhardwaj/Desktop/Semester 5/CCP555/CCP555-2025F-NSD-Abhinav-abhinav1/Labs/Lab3/src/routes/api/get.js","statementMap":{"0":{"start":{"line":1,"column":34},"end":{"line":1,"column":59}},"1":{"start":{"line":3,"column":0},"end":{"line":7,"column":2}},"2":{"start":{"line":4,"column":2},"end":{"line":6,"column":6}}},"fnMap":{"0":{"name":"(anonymous_0)","decl":{"start":{"line":3,"column":17},"end":{"line":3,"column":18}},"loc":{"start":{"line":3,"column":31},"end":{"line":7,"column":1}},"line":3}},"branchMap":{},"s":{"0":3,"1":3,"2":1},"f":{"0":1},"b":{},"_coverageSchema":"1a1c01bbd47fc00a2c39e90264f33305004495a9","hash":"03550ba6575a21ca07d721bd0fdc8d0ff7aabb60"}
,"/Users/abhinavbhardwaj/Desktop/Semester 5/CCP555/CCP555-2025F-NSD-Abhinav-abhinav1/Labs/Lab3/src/routes/api/index.js": {"path":"/Users/abhinavbhardwaj/Desktop/Semester 5/CCP555/CCP555-2025F-NSD-Abhinav-abhinav1/Labs/Lab3/src/routes/api/index.js","statementMap":{"0":{"start":{"line":1,"column":16},"end":{"line":1,"column":34}},"1":{"start":{"line":2,"column":15},"end":{"line":2,"column":31}},"2":{"start":{"line":4,"column":0},"end":{"line":4,"column":43}},"3":{"start":{"line":6,"column":0},"end":{"line":6,"column":24}}},"fnMap":{},"branchMap":{},"s":{"0":3,"1":3,"2":3,"3":3},"f":{},"b":{},"_coverageSchema":"1a1c01bbd47fc00a2c39e90264f33305004495a9","hash":"02089809a6e37ca0816d34637d78c6f337bc183e"}
}
