TN:
SF:src/app.js
FN:17,(anonymous_0)
FNF:1
FNH:1
FNDA:1,(anonymous_0)
DA:1,3
DA:2,3
DA:3,3
DA:4,3
DA:6,3
DA:8,3
DA:9,3
DA:11,3
DA:12,3
DA:14,3
DA:17,3
DA:18,1
DA:21,3
LF:13
LH:13
BRF:0
BRH:0
end_of_record
TN:
SF:src/response.js
FN:9,(anonymous_0)
FN:29,(anonymous_1)
FNF:2
FNH:2
FNDA:7,(anonymous_0)
FNDA:2,(anonymous_1)
DA:9,4
DA:10,7
DA:29,4
DA:30,2
LF:4
LH:4
BRF:0
BRH:0
end_of_record
TN:
SF:src/auth/basic-auth.js
FN:9,(anonymous_0)
FN:17,(anonymous_1)
FNF:2
FNH:2
FNDA:3,(anonymous_0)
FNDA:3,(anonymous_1)
DA:1,3
DA:2,3
DA:3,3
DA:5,3
DA:6,0
DA:9,3
DA:10,3
DA:17,3
LF:8
LH:7
BRDA:5,0,0,0
BRDA:5,0,1,3
BRF:2
BRH:1
end_of_record
TN:
SF:src/auth/index.js
FNF:0
FNH:0
DA:1,3
DA:2,3
DA:3,0
DA:4,0
DA:6,0
LF:5
LH:2
BRDA:1,0,0,3
BRDA:1,0,1,0
BRDA:3,1,0,0
BRDA:3,1,1,0
BRDA:3,2,0,0
BRDA:3,2,1,0
BRF:6
BRH:1
end_of_record
TN:
SF:src/routes/index.js
FN:7,(anonymous_0)
FNF:1
FNH:1
FNDA:4,(anonymous_0)
DA:1,3
DA:2,3
DA:3,3
DA:4,3
DA:5,3
DA:7,3
DA:8,4
DA:9,4
DA:16,3
DA:18,3
LF:10
LH:10
BRF:0
BRH:0
end_of_record
TN:
SF:src/routes/api/get.js
FN:3,(anonymous_0)
FNF:1
FNH:1
FNDA:1,(anonymous_0)
DA:1,3
DA:3,3
DA:4,1
LF:3
LH:3
BRF:0
BRH:0
end_of_record
TN:
SF:src/routes/api/index.js
FNF:0
FNH:0
DA:1,3
DA:2,3
DA:4,3
DA:6,3
LF:4
LH:4
BRF:0
BRH:0
end_of_record
